<?xml version="1.0" encoding="UTF-8"?>
<!-- Generated by org.testng.reporters.JUnitReportReporter -->
<testsuite skipped="2" hostname="Dina-PC" name="Pages.Tweet" tests="2" failures="0" timestamp="13 Mar 2021 19:28:44 GMT" time="0.000" errors="0">
  <testcase name="VerifyURL" time="0.000" classname="Pages.Tweet">
    <skipped/>
  </testcase> <!-- VerifyURL -->
  <testcase name="TweetWithValidLength" time="0.000" classname="Pages.Tweet">
    <skipped/>
  </testcase> <!-- TweetWithValidLength -->
</testsuite> <!-- Pages.Tweet -->
