<?xml version="1.0" encoding="UTF-8"?>
<!-- Generated by org.testng.reporters.JUnitReportReporter -->
<testsuite skipped="0" hostname="Dina-PC" name="Tests.TestTweets" tests="7" failures="0" timestamp="14 Mar 2021 18:07:11 GMT" time="53.335" errors="0">
  <testcase name="LoginByValidCredentials" time="1.869" classname="Tests.TestTweets"/>
  <testcase name="TweetWithValidLength" time="7.234" classname="Tests.TestTweets"/>
  <testcase name="TweetWithGIF" time="12.895" classname="Tests.TestTweets"/>
  <testcase name="TweetWithValidLengthAndGIF" time="4.382" classname="Tests.TestTweets"/>
  <testcase name="emptyTweet" time="5.443" classname="Tests.TestTweets"/>
  <testcase name="TweetWithInvalidLength" time="9.899" classname="Tests.TestTweets"/>
  <testcase name="postSameTweetAtRow" time="11.613" classname="Tests.TestTweets"/>
</testsuite> <!-- Tests.TestTweets -->
